SERVICES variable is ignored if EAGER_SERVICE_LOADING=0.
2023-01-25T22:08:22.932 DEBUG --- [  MainThread] stevedore.extension        : found extension EntryPoint(name='_patch_botocore_json_parser', value='localstack.aws.client:_patch_botocore_json_parser', group='localstack.hooks.on_infra_start')
2023-01-25T22:08:22.942 DEBUG --- [  MainThread] stevedore.extension        : found extension EntryPoint(name='_run_init_scripts_on_start', value='localstack.runtime.init:_run_init_scripts_on_start', group='localstack.hooks.on_infra_start')
2023-01-25T22:08:22.945 DEBUG --- [  MainThread] stevedore.extension        : found extension EntryPoint(name='deprecation_warnings', value='localstack.plugins:deprecation_warnings', group='localstack.hooks.on_infra_start')
2023-01-25T22:08:22.946 DEBUG --- [  MainThread] stevedore.extension        : found extension EntryPoint(name='register_partition_adjusting_proxy_listener', value='localstack.plugins:register_partition_adjusting_proxy_listener', group='localstack.hooks.on_infra_start')
2023-01-25T22:08:22.947 DEBUG --- [  MainThread] stevedore.extension        : found extension EntryPoint(name='add_aws_request_logger', value='localstack_ext.analytics.plugins:add_aws_request_logger', group='localstack.hooks.on_infra_start')
2023-01-25T22:08:22.952 DEBUG --- [  MainThread] stevedore.extension        : found extension EntryPoint(name='add_custom_edge_routes', value='localstack_ext.plugins:add_custom_edge_routes', group='localstack.hooks.on_infra_start')
2023-01-25T22:08:22.962 DEBUG --- [  MainThread] stevedore.extension        : found extension EntryPoint(name='add_iam_enforcement_listener', value='localstack_ext.services.iam.plugins:add_iam_enforcement_listener', group='localstack.hooks.on_infra_start')
2023-01-25T22:08:22.970 DEBUG --- [  MainThread] stevedore.extension        : found extension EntryPoint(name='add_legacy_iam_enforcement_listener', value='localstack_ext.services.iam.plugins:add_legacy_iam_enforcement_listener', group='localstack.hooks.on_infra_start')
2023-01-25T22:08:22.970 DEBUG --- [  MainThread] stevedore.extension        : found extension EntryPoint(name='deprecation_warnings_pro', value='localstack_ext.plugins:deprecation_warnings_pro', group='localstack.hooks.on_infra_start')
2023-01-25T22:08:22.970 DEBUG --- [  MainThread] stevedore.extension        : found extension EntryPoint(name='extensions_on_infra_start', value='localstack_ext.extensions.plugins:extensions_on_infra_start', group='localstack.hooks.on_infra_start')
2023-01-25T22:08:22.975 DEBUG --- [  MainThread] stevedore.extension        : found extension EntryPoint(name='init_stackinfo_handler', value='localstack_ext.services.internal.stackinfo.plugins:init_stackinfo_handler', group='localstack.hooks.on_infra_start')
2023-01-25T22:08:22.987 DEBUG --- [  MainThread] stevedore.extension        : found extension EntryPoint(name='register_public_pods_api', value='localstack_ext.persistence.plugins:register_public_pods_api', group='localstack.hooks.on_infra_start')
2023-01-25T22:08:22.991 DEBUG --- [  MainThread] stevedore.extension        : found extension EntryPoint(name='register_restricted_pods_api', value='localstack_ext.persistence.plugins:register_restricted_pods_api', group='localstack.hooks.on_infra_start')
2023-01-25T22:08:22.991 DEBUG --- [  MainThread] stevedore.extension        : found extension EntryPoint(name='register_state_serializer_handlers', value='localstack_ext.persistence.plugins:register_state_serializer_handlers', group='localstack.hooks.on_infra_start')
2023-01-25T22:08:22.991 DEBUG --- [  MainThread] stevedore.extension        : found extension EntryPoint(name='setup_pro_infra', value='localstack_ext.plugins:setup_pro_infra', group='localstack.hooks.on_infra_start')
2023-01-25T22:08:22.991 DEBUG --- [  MainThread] plugin.manager             : instantiating plugin PluginSpec(localstack.hooks.on_infra_start._patch_botocore_json_parser = <function _patch_botocore_json_parser at 0x7f55985ee290>)
2023-01-25T22:08:22.992 DEBUG --- [  MainThread] plugin.manager             : loading plugin localstack.hooks.on_infra_start:_patch_botocore_json_parser
2023-01-25T22:08:22.993 DEBUG --- [  MainThread] plugin.manager             : instantiating plugin PluginSpec(localstack.hooks.on_infra_start._run_init_scripts_on_start = <function _run_init_scripts_on_start at 0x7f55985ef0a0>)
2023-01-25T22:08:22.995 DEBUG --- [  MainThread] plugin.manager             : loading plugin localstack.hooks.on_infra_start:_run_init_scripts_on_start
2023-01-25T22:08:22.997 DEBUG --- [  MainThread] plugin.manager             : instantiating plugin PluginSpec(localstack.hooks.on_infra_start.deprecation_warnings = <function deprecation_warnings at 0x7f55985ef880>)
2023-01-25T22:08:22.998 DEBUG --- [  MainThread] plugin.manager             : loading plugin localstack.hooks.on_infra_start:deprecation_warnings
2023-01-25T22:08:22.999 DEBUG --- [  MainThread] plugin.manager             : instantiating plugin PluginSpec(localstack.hooks.on_infra_start.register_partition_adjusting_proxy_listener = <function register_partition_adjusting_proxy_listener at 0x7f55985ef760>)
2023-01-25T22:08:23.000 DEBUG --- [  MainThread] plugin.manager             : plugin localstack.hooks.on_infra_start:register_partition_adjusting_proxy_listener is disabled
2023-01-25T22:08:23.001 DEBUG --- [  MainThread] plugin.manager             : instantiating plugin PluginSpec(localstack.hooks.on_infra_start.add_aws_request_logger = <function add_aws_request_logger at 0x7f55985efb50>)
2023-01-25T22:08:23.002 DEBUG --- [  MainThread] plugin.manager             : plugin localstack.hooks.on_infra_start:add_aws_request_logger is disabled
2023-01-25T22:08:23.002 DEBUG --- [  MainThread] plugin.manager             : instantiating plugin PluginSpec(localstack.hooks.on_infra_start.add_custom_edge_routes = <function add_custom_edge_routes at 0x7f5598433490>)
2023-01-25T22:08:23.002 DEBUG --- [  MainThread] plugin.manager             : plugin localstack.hooks.on_infra_start:add_custom_edge_routes is disabled
2023-01-25T22:08:23.002 DEBUG --- [  MainThread] plugin.manager             : instantiating plugin PluginSpec(localstack.hooks.on_infra_start.add_iam_enforcement_listener = <function add_iam_enforcement_listener at 0x7f55984544c0>)
2023-01-25T22:08:23.002 DEBUG --- [  MainThread] plugin.manager             : plugin localstack.hooks.on_infra_start:add_iam_enforcement_listener is disabled
2023-01-25T22:08:23.002 DEBUG --- [  MainThread] plugin.manager             : instantiating plugin PluginSpec(localstack.hooks.on_infra_start.add_legacy_iam_enforcement_listener = <function add_legacy_iam_enforcement_listener at 0x7f5598454310>)
2023-01-25T22:08:23.002 DEBUG --- [  MainThread] plugin.manager             : plugin localstack.hooks.on_infra_start:add_legacy_iam_enforcement_listener is disabled
2023-01-25T22:08:23.002 DEBUG --- [  MainThread] plugin.manager             : instantiating plugin PluginSpec(localstack.hooks.on_infra_start.deprecation_warnings_pro = <function deprecation_warnings_pro at 0x7f5598433d90>)
2023-01-25T22:08:23.002 DEBUG --- [  MainThread] plugin.manager             : loading plugin localstack.hooks.on_infra_start:deprecation_warnings_pro
2023-01-25T22:08:23.002 DEBUG --- [  MainThread] plugin.manager             : instantiating plugin PluginSpec(localstack.hooks.on_infra_start.extensions_on_infra_start = <function extensions_on_infra_start at 0x7f5598454820>)
2023-01-25T22:08:23.002 DEBUG --- [  MainThread] plugin.manager             : plugin localstack.hooks.on_infra_start:extensions_on_infra_start is disabled
2023-01-25T22:08:23.002 DEBUG --- [  MainThread] plugin.manager             : instantiating plugin PluginSpec(localstack.hooks.on_infra_start.init_stackinfo_handler = <function init_stackinfo_handler at 0x7f5598454d30>)
2023-01-25T22:08:23.002 DEBUG --- [  MainThread] plugin.manager             : plugin localstack.hooks.on_infra_start:init_stackinfo_handler is disabled
2023-01-25T22:08:23.002 DEBUG --- [  MainThread] plugin.manager             : instantiating plugin PluginSpec(localstack.hooks.on_infra_start.register_public_pods_api = <function register_public_pods_api at 0x7f55984551b0>)
2023-01-25T22:08:23.002 DEBUG --- [  MainThread] plugin.manager             : loading plugin localstack.hooks.on_infra_start:register_public_pods_api
2023-01-25T22:08:23.002 DEBUG --- [  MainThread] plugin.manager             : instantiating plugin PluginSpec(localstack.hooks.on_infra_start.register_restricted_pods_api = <function register_restricted_pods_api at 0x7f5598455090>)
2023-01-25T22:08:23.002 DEBUG --- [  MainThread] plugin.manager             : plugin localstack.hooks.on_infra_start:register_restricted_pods_api is disabled
2023-01-25T22:08:23.003 DEBUG --- [  MainThread] plugin.manager             : instantiating plugin PluginSpec(localstack.hooks.on_infra_start.register_state_serializer_handlers = <function register_state_serializer_handlers at 0x7f55984552d0>)
2023-01-25T22:08:23.003 DEBUG --- [  MainThread] plugin.manager             : plugin localstack.hooks.on_infra_start:register_state_serializer_handlers is disabled
2023-01-25T22:08:23.004 DEBUG --- [  MainThread] plugin.manager             : instantiating plugin PluginSpec(localstack.hooks.on_infra_start.setup_pro_infra = <function setup_pro_infra at 0x7f5598433a30>)
2023-01-25T22:08:23.004 DEBUG --- [  MainThread] plugin.manager             : plugin localstack.hooks.on_infra_start:setup_pro_infra is disabled
2023-01-25T22:08:23.008 DEBUG --- [  MainThread] localstack.runtime.init    : Init scripts discovered: {BOOT: [], START: [], READY: [], SHUTDOWN: []}
2023-01-25T22:08:23.008 DEBUG --- [  MainThread] localstack.plugins         : Checking for the usage of deprecated community features and configs...
2023-01-25T22:08:23.008  WARN --- [  MainThread] localstack.deprecations    : USE_SSL is deprecated (since 0.11.3) and will be removed in upcoming releases of LocalStack! Each endpoint now supports multiplexing HTTP/HTTPS traffic over the same port. Please remove this environment variable.
2023-01-25T22:08:23.603 DEBUG --- [  MainThread] l.a.p.service_router       : loading service catalog index cache file /var/lib/localstack/cache/service-catalog-1_3_2_dev-1_29_49.pickle
2023-01-25T22:08:23.648 DEBUG --- [  MainThread] localstack.utils.threads   : start_thread called without providing a custom name
2023-01-25T22:08:23.733  WARN --- [-functhread2] l.services.internal        : Enabling diagnose endpoint, please be aware that this can expose sensitive information via your network.
2023-01-25T22:08:23.749 DEBUG --- [-functhread2] l.bootstrap.install        : Using cached SSL certificate (less than 6hrs since last update).
2023-01-25T22:08:23.796  WARN --- [-functhread3] hypercorn.error            : ASGI Framework Lifespan error, continuing without Lifespan support
2023-01-25T22:08:23.796  WARN --- [-functhread3] hypercorn.error            : ASGI Framework Lifespan error, continuing without Lifespan support
2023-01-25T22:08:23.810  INFO --- [-functhread3] hypercorn.error            : Running on https://0.0.0.0:4566 (CTRL + C to quit)
2023-01-25T22:08:23.810  INFO --- [-functhread3] hypercorn.error            : Running on https://0.0.0.0:4566 (CTRL + C to quit)
2023-01-25T22:08:23.952 DEBUG --- [  MainThread] stevedore.extension        : found extension EntryPoint(name='acm:default', value='localstack.services.providers:acm', group='localstack.aws.provider')
2023-01-25T22:08:23.958 DEBUG --- [  MainThread] stevedore.extension        : found extension EntryPoint(name='apigateway:default', value='localstack.services.providers:apigateway', group='localstack.aws.provider')
2023-01-25T22:08:23.958 DEBUG --- [  MainThread] stevedore.extension        : found extension EntryPoint(name='cloudformation:default', value='localstack.services.providers:cloudformation', group='localstack.aws.provider')
2023-01-25T22:08:23.958 DEBUG --- [  MainThread] stevedore.extension        : found extension EntryPoint(name='cloudwatch:default', value='localstack.services.providers:cloudwatch', group='localstack.aws.provider')
2023-01-25T22:08:23.958 DEBUG --- [  MainThread] stevedore.extension        : found extension EntryPoint(name='config:default', value='localstack.services.providers:awsconfig', group='localstack.aws.provider')
2023-01-25T22:08:23.958 DEBUG --- [  MainThread] stevedore.extension        : found extension EntryPoint(name='dynamodb:default', value='localstack.services.providers:dynamodb', group='localstack.aws.provider')
2023-01-25T22:08:23.958 DEBUG --- [  MainThread] stevedore.extension        : found extension EntryPoint(name='dynamodbstreams:default', value='localstack.services.providers:dynamodbstreams', group='localstack.aws.provider')
2023-01-25T22:08:23.958 DEBUG --- [  MainThread] stevedore.extension        : found extension EntryPoint(name='ec2:default', value='localstack.services.providers:ec2', group='localstack.aws.provider')
2023-01-25T22:08:23.958 DEBUG --- [  MainThread] stevedore.extension        : found extension EntryPoint(name='es:default', value='localstack.services.providers:es', group='localstack.aws.provider')
2023-01-25T22:08:23.958 DEBUG --- [  MainThread] stevedore.extension        : found extension EntryPoint(name='events:default', value='localstack.services.providers:events', group='localstack.aws.provider')
2023-01-25T22:08:23.958 DEBUG --- [  MainThread] stevedore.extension        : found extension EntryPoint(name='firehose:default', value='localstack.services.providers:firehose', group='localstack.aws.provider')
2023-01-25T22:08:23.958 DEBUG --- [  MainThread] stevedore.extension        : found extension EntryPoint(name='iam:default', value='localstack.services.providers:iam', group='localstack.aws.provider')
2023-01-25T22:08:23.958 DEBUG --- [  MainThread] stevedore.extension        : found extension EntryPoint(name='kinesis:default', value='localstack.services.providers:kinesis', group='localstack.aws.provider')
2023-01-25T22:08:23.958 DEBUG --- [  MainThread] stevedore.extension        : found extension EntryPoint(name='kms:default', value='localstack.services.providers:kms', group='localstack.aws.provider')
2023-01-25T22:08:23.958 DEBUG --- [  MainThread] stevedore.extension        : found extension EntryPoint(name='lambda:asf', value='localstack.services.providers:awslambda_asf', group='localstack.aws.provider')
2023-01-25T22:08:23.959 DEBUG --- [  MainThread] stevedore.extension        : found extension EntryPoint(name='lambda:default', value='localstack.services.providers:awslambda', group='localstack.aws.provider')
2023-01-25T22:08:23.959 DEBUG --- [  MainThread] stevedore.extension        : found extension EntryPoint(name='logs:default', value='localstack.services.providers:logs', group='localstack.aws.provider')
2023-01-25T22:08:23.959 DEBUG --- [  MainThread] stevedore.extension        : found extension EntryPoint(name='opensearch:default', value='localstack.services.providers:opensearch', group='localstack.aws.provider')
2023-01-25T22:08:23.959 DEBUG --- [  MainThread] stevedore.extension        : found extension EntryPoint(name='redshift:default', value='localstack.services.providers:redshift', group='localstack.aws.provider')
2023-01-25T22:08:23.959 DEBUG --- [  MainThread] stevedore.extension        : found extension EntryPoint(name='resource-groups:default', value='localstack.services.providers:resource_groups', group='localstack.aws.provider')
2023-01-25T22:08:23.959 DEBUG --- [  MainThread] stevedore.extension        : found extension EntryPoint(name='resourcegroupstaggingapi:default', value='localstack.services.providers:resourcegroupstaggingapi', group='localstack.aws.provider')
2023-01-25T22:08:23.959 DEBUG --- [  MainThread] stevedore.extension        : found extension EntryPoint(name='route53:default', value='localstack.services.providers:route53', group='localstack.aws.provider')
2023-01-25T22:08:23.959 DEBUG --- [  MainThread] stevedore.extension        : found extension EntryPoint(name='route53resolver:default', value='localstack.services.providers:route53resolver', group='localstack.aws.provider')
2023-01-25T22:08:23.959 DEBUG --- [  MainThread] stevedore.extension        : found extension EntryPoint(name='s3:asf', value='localstack.services.providers:s3_asf', group='localstack.aws.provider')
2023-01-25T22:08:23.959 DEBUG --- [  MainThread] stevedore.extension        : found extension EntryPoint(name='s3:default', value='localstack.services.providers:s3', group='localstack.aws.provider')
2023-01-25T22:08:23.959 DEBUG --- [  MainThread] stevedore.extension        : found extension EntryPoint(name='s3control:default', value='localstack.services.providers:s3control', group='localstack.aws.provider')
2023-01-25T22:08:23.959 DEBUG --- [  MainThread] stevedore.extension        : found extension EntryPoint(name='secretsmanager:default', value='localstack.services.providers:secretsmanager', group='localstack.aws.provider')
2023-01-25T22:08:23.959 DEBUG --- [  MainThread] stevedore.extension        : found extension EntryPoint(name='ses:default', value='localstack.services.providers:ses', group='localstack.aws.provider')
2023-01-25T22:08:23.959 DEBUG --- [  MainThread] stevedore.extension        : found extension EntryPoint(name='sns:default', value='localstack.services.providers:sns', group='localstack.aws.provider')
2023-01-25T22:08:23.959 DEBUG --- [  MainThread] stevedore.extension        : found extension EntryPoint(name='sqs:default', value='localstack.services.providers:sqs', group='localstack.aws.provider')
2023-01-25T22:08:23.959 DEBUG --- [  MainThread] stevedore.extension        : found extension EntryPoint(name='ssm:default', value='localstack.services.providers:ssm', group='localstack.aws.provider')
2023-01-25T22:08:23.959 DEBUG --- [  MainThread] stevedore.extension        : found extension EntryPoint(name='stepfunctions:default', value='localstack.services.providers:stepfunctions', group='localstack.aws.provider')
2023-01-25T22:08:23.959 DEBUG --- [  MainThread] stevedore.extension        : found extension EntryPoint(name='sts:default', value='localstack.services.providers:sts', group='localstack.aws.provider')
2023-01-25T22:08:23.959 DEBUG --- [  MainThread] stevedore.extension        : found extension EntryPoint(name='support:default', value='localstack.services.providers:support', group='localstack.aws.provider')
2023-01-25T22:08:23.959 DEBUG --- [  MainThread] stevedore.extension        : found extension EntryPoint(name='swf:default', value='localstack.services.providers:swf', group='localstack.aws.provider')
2023-01-25T22:08:23.959 DEBUG --- [  MainThread] stevedore.extension        : found extension EntryPoint(name='transcribe:default', value='localstack.services.providers:transcribe', group='localstack.aws.provider')
2023-01-25T22:08:23.959 DEBUG --- [  MainThread] stevedore.extension        : found extension EntryPoint(name='acm:pro', value='localstack_ext.providers:acm', group='localstack.aws.provider')
2023-01-25T22:08:23.960 DEBUG --- [  MainThread] stevedore.extension        : found extension EntryPoint(name='amplify:pro', value='localstack_ext.providers:amplify', group='localstack.aws.provider')
2023-01-25T22:08:23.960 DEBUG --- [  MainThread] stevedore.extension        : found extension EntryPoint(name='apigateway:pro', value='localstack_ext.providers:apigateway', group='localstack.aws.provider')
2023-01-25T22:08:23.960 DEBUG --- [  MainThread] stevedore.extension        : found extension EntryPoint(name='apigatewaymanagementapi:pro', value='localstack_ext.providers:apigatewaymanagementapi', group='localstack.aws.provider')
2023-01-25T22:08:23.960 DEBUG --- [  MainThread] stevedore.extension        : found extension EntryPoint(name='apigatewayv2:pro', value='localstack_ext.providers:apigatewayv2', group='localstack.aws.provider')
2023-01-25T22:08:23.960 DEBUG --- [  MainThread] stevedore.extension        : found extension EntryPoint(name='appconfig:pro', value='localstack_ext.providers:appconfig', group='localstack.aws.provider')
2023-01-25T22:08:23.961 DEBUG --- [  MainThread] stevedore.extension        : found extension EntryPoint(name='application-autoscaling:pro', value='localstack_ext.providers:application_autoscaling', group='localstack.aws.provider')
2023-01-25T22:08:23.961 DEBUG --- [  MainThread] stevedore.extension        : found extension EntryPoint(name='appsync:pro', value='localstack_ext.providers:appsync', group='localstack.aws.provider')
2023-01-25T22:08:23.961 DEBUG --- [  MainThread] stevedore.extension        : found extension EntryPoint(name='athena:pro', value='localstack_ext.providers:athena', group='localstack.aws.provider')
2023-01-25T22:08:23.961 DEBUG --- [  MainThread] stevedore.extension        : found extension EntryPoint(name='autoscaling:pro', value='localstack_ext.providers:autoscaling', group='localstack.aws.provider')
2023-01-25T22:08:23.961 DEBUG --- [  MainThread] stevedore.extension        : found extension EntryPoint(name='azure:pro', value='localstack_ext.providers:azure', group='localstack.aws.provider')
2023-01-25T22:08:23.961 DEBUG --- [  MainThread] stevedore.extension        : found extension EntryPoint(name='backup:pro', value='localstack_ext.providers:backup', group='localstack.aws.provider')
2023-01-25T22:08:23.961 DEBUG --- [  MainThread] stevedore.extension        : found extension EntryPoint(name='batch:pro', value='localstack_ext.providers:batch', group='localstack.aws.provider')
2023-01-25T22:08:23.961 DEBUG --- [  MainThread] stevedore.extension        : found extension EntryPoint(name='ce:pro', value='localstack_ext.providers:ce', group='localstack.aws.provider')
2023-01-25T22:08:23.961 DEBUG --- [  MainThread] stevedore.extension        : found extension EntryPoint(name='cloudformation:pro', value='localstack_ext.providers:cloudformation', group='localstack.aws.provider')
2023-01-25T22:08:23.961 DEBUG --- [  MainThread] stevedore.extension        : found extension EntryPoint(name='cloudfront:pro', value='localstack_ext.providers:cloudfront', group='localstack.aws.provider')
2023-01-25T22:08:23.961 DEBUG --- [  MainThread] stevedore.extension        : found extension EntryPoint(name='cloudtrail:pro', value='localstack_ext.providers:cloudtrail', group='localstack.aws.provider')
2023-01-25T22:08:23.961 DEBUG --- [  MainThread] stevedore.extension        : found extension EntryPoint(name='cloudwatch:pro', value='localstack_ext.providers:cloudwatch', group='localstack.aws.provider')
2023-01-25T22:08:23.961 DEBUG --- [  MainThread] stevedore.extension        : found extension EntryPoint(name='codecommit:pro', value='localstack_ext.providers:codecommit', group='localstack.aws.provider')
2023-01-25T22:08:23.961 DEBUG --- [  MainThread] stevedore.extension        : found extension EntryPoint(name='cognito-identity:pro', value='localstack_ext.providers:cognito_identity', group='localstack.aws.provider')
2023-01-25T22:08:23.961 DEBUG --- [  MainThread] stevedore.extension        : found extension EntryPoint(name='cognito-idp:pro', value='localstack_ext.providers:cognito_idp', group='localstack.aws.provider')
2023-01-25T22:08:23.961 DEBUG --- [  MainThread] stevedore.extension        : found extension EntryPoint(name='docdb:pro', value='localstack_ext.providers:docdb', group='localstack.aws.provider')
2023-01-25T22:08:23.961 DEBUG --- [  MainThread] stevedore.extension        : found extension EntryPoint(name='dynamodb:pro', value='localstack_ext.providers:dynamodb', group='localstack.aws.provider')
2023-01-25T22:08:23.961 DEBUG --- [  MainThread] stevedore.extension        : found extension EntryPoint(name='dynamodbstreams:pro', value='localstack_ext.providers:dynamodbstreams', group='localstack.aws.provider')
2023-01-25T22:08:23.961 DEBUG --- [  MainThread] stevedore.extension        : found extension EntryPoint(name='ec2:pro', value='localstack_ext.providers:ec2', group='localstack.aws.provider')
2023-01-25T22:08:23.961 DEBUG --- [  MainThread] stevedore.extension        : found extension EntryPoint(name='ecr:pro', value='localstack_ext.providers:ecr', group='localstack.aws.provider')
2023-01-25T22:08:23.961 DEBUG --- [  MainThread] stevedore.extension        : found extension EntryPoint(name='ecs:pro', value='localstack_ext.providers:ecs', group='localstack.aws.provider')
2023-01-25T22:08:23.961 DEBUG --- [  MainThread] stevedore.extension        : found extension EntryPoint(name='efs:pro', value='localstack_ext.providers:efs', group='localstack.aws.provider')
2023-01-25T22:08:23.961 DEBUG --- [  MainThread] stevedore.extension        : found extension EntryPoint(name='eks:mock', value='localstack_ext.providers:eks_mock', group='localstack.aws.provider')
2023-01-25T22:08:23.961 DEBUG --- [  MainThread] stevedore.extension        : found extension EntryPoint(name='eks:pro', value='localstack_ext.providers:eks', group='localstack.aws.provider')
2023-01-25T22:08:23.961 DEBUG --- [  MainThread] stevedore.extension        : found extension EntryPoint(name='elasticache:pro', value='localstack_ext.providers:elasticache', group='localstack.aws.provider')
2023-01-25T22:08:23.961 DEBUG --- [  MainThread] stevedore.extension        : found extension EntryPoint(name='elasticbeanstalk:pro', value='localstack_ext.providers:elasticbeanstalk', group='localstack.aws.provider')
2023-01-25T22:08:23.961 DEBUG --- [  MainThread] stevedore.extension        : found extension EntryPoint(name='elb:pro', value='localstack_ext.providers:elb', group='localstack.aws.provider')
2023-01-25T22:08:23.962 DEBUG --- [  MainThread] stevedore.extension        : found extension EntryPoint(name='elbv2:pro', value='localstack_ext.providers:elbv2', group='localstack.aws.provider')
2023-01-25T22:08:23.962 DEBUG --- [  MainThread] stevedore.extension        : found extension EntryPoint(name='emr:pro', value='localstack_ext.providers:emr', group='localstack.aws.provider')
2023-01-25T22:08:23.962 DEBUG --- [  MainThread] stevedore.extension        : found extension EntryPoint(name='events:pro', value='localstack_ext.providers:events', group='localstack.aws.provider')
2023-01-25T22:08:23.962 DEBUG --- [  MainThread] stevedore.extension        : found extension EntryPoint(name='fis:pro', value='localstack_ext.providers:fis', group='localstack.aws.provider')
2023-01-25T22:08:23.962 DEBUG --- [  MainThread] stevedore.extension        : found extension EntryPoint(name='glacier:pro', value='localstack_ext.providers:glacier', group='localstack.aws.provider')
2023-01-25T22:08:23.962 DEBUG --- [  MainThread] stevedore.extension        : found extension EntryPoint(name='glue:pro', value='localstack_ext.providers:glue', group='localstack.aws.provider')
2023-01-25T22:08:23.962 DEBUG --- [  MainThread] stevedore.extension        : found extension EntryPoint(name='iam:pro', value='localstack_ext.providers:iam', group='localstack.aws.provider')
2023-01-25T22:08:23.962 DEBUG --- [  MainThread] stevedore.extension        : found extension EntryPoint(name='iot-data:pro', value='localstack_ext.providers:iot_data', group='localstack.aws.provider')
2023-01-25T22:08:23.962 DEBUG --- [  MainThread] stevedore.extension        : found extension EntryPoint(name='iot:pro', value='localstack_ext.providers:iot', group='localstack.aws.provider')
2023-01-25T22:08:23.962 DEBUG --- [  MainThread] stevedore.extension        : found extension EntryPoint(name='iotanalytics:pro', value='localstack_ext.providers:iotanalytics', group='localstack.aws.provider')
2023-01-25T22:08:23.962 DEBUG --- [  MainThread] stevedore.extension        : found extension EntryPoint(name='iotwireless:pro', value='localstack_ext.providers:iotwireless', group='localstack.aws.provider')
2023-01-25T22:08:23.962 DEBUG --- [  MainThread] stevedore.extension        : found extension EntryPoint(name='kafka:pro', value='localstack_ext.providers:kafka', group='localstack.aws.provider')
2023-01-25T22:08:23.962 DEBUG --- [  MainThread] stevedore.extension        : found extension EntryPoint(name='kinesis:pro', value='localstack_ext.providers:kinesis', group='localstack.aws.provider')
2023-01-25T22:08:23.962 DEBUG --- [  MainThread] stevedore.extension        : found extension EntryPoint(name='kinesisanalytics:pro', value='localstack_ext.providers:kinesisanalytics', group='localstack.aws.provider')
2023-01-25T22:08:23.962 DEBUG --- [  MainThread] stevedore.extension        : found extension EntryPoint(name='kinesisanalyticsv2:pro', value='localstack_ext.providers:kinesisanalyticsv2', group='localstack.aws.provider')
2023-01-25T22:08:23.962 DEBUG --- [  MainThread] stevedore.extension        : found extension EntryPoint(name='kms:pro', value='localstack_ext.providers:kms', group='localstack.aws.provider')
2023-01-25T22:08:23.962 DEBUG --- [  MainThread] stevedore.extension        : found extension EntryPoint(name='lakeformation:pro', value='localstack_ext.providers:lakeformation', group='localstack.aws.provider')
2023-01-25T22:08:23.962 DEBUG --- [  MainThread] stevedore.extension        : found extension EntryPoint(name='lambda:pro', value='localstack_ext.providers:awslambda', group='localstack.aws.provider')
2023-01-25T22:08:23.962 DEBUG --- [  MainThread] stevedore.extension        : found extension EntryPoint(name='logs:pro', value='localstack_ext.providers:logs', group='localstack.aws.provider')
2023-01-25T22:08:23.962 DEBUG --- [  MainThread] stevedore.extension        : found extension EntryPoint(name='mediastore-data:pro', value='localstack_ext.providers:mediastore_data', group='localstack.aws.provider')
2023-01-25T22:08:23.962 DEBUG --- [  MainThread] stevedore.extension        : found extension EntryPoint(name='mediastore:pro', value='localstack_ext.providers:mediastore', group='localstack.aws.provider')
2023-01-25T22:08:23.962 DEBUG --- [  MainThread] stevedore.extension        : found extension EntryPoint(name='mq:pro', value='localstack_ext.providers:mq', group='localstack.aws.provider')
2023-01-25T22:08:23.962 DEBUG --- [  MainThread] stevedore.extension        : found extension EntryPoint(name='mwaa:pro', value='localstack_ext.providers:mwaa', group='localstack.aws.provider')
2023-01-25T22:08:23.962 DEBUG --- [  MainThread] stevedore.extension        : found extension EntryPoint(name='neptune:pro', value='localstack_ext.providers:neptune', group='localstack.aws.provider')
2023-01-25T22:08:23.962 DEBUG --- [  MainThread] stevedore.extension        : found extension EntryPoint(name='opensearch:pro', value='localstack_ext.providers:opensearch', group='localstack.aws.provider')
2023-01-25T22:08:23.962 DEBUG --- [  MainThread] stevedore.extension        : found extension EntryPoint(name='organizations:pro', value='localstack_ext.providers:organizations', group='localstack.aws.provider')
2023-01-25T22:08:23.962 DEBUG --- [  MainThread] stevedore.extension        : found extension EntryPoint(name='qldb-session:pro', value='localstack_ext.providers:qldb_session', group='localstack.aws.provider')
2023-01-25T22:08:23.962 DEBUG --- [  MainThread] stevedore.extension        : found extension EntryPoint(name='qldb:pro', value='localstack_ext.providers:qldb', group='localstack.aws.provider')
2023-01-25T22:08:23.962 DEBUG --- [  MainThread] stevedore.extension        : found extension EntryPoint(name='rds-data:pro', value='localstack_ext.providers:rds_data', group='localstack.aws.provider')
2023-01-25T22:08:23.963 DEBUG --- [  MainThread] stevedore.extension        : found extension EntryPoint(name='rds:pro', value='localstack_ext.providers:rds', group='localstack.aws.provider')
2023-01-25T22:08:23.963 DEBUG --- [  MainThread] stevedore.extension        : found extension EntryPoint(name='redshift-data:pro', value='localstack_ext.providers:redshift_data', group='localstack.aws.provider')
2023-01-25T22:08:23.963 DEBUG --- [  MainThread] stevedore.extension        : found extension EntryPoint(name='redshift:pro', value='localstack_ext.providers:redshift', group='localstack.aws.provider')
2023-01-25T22:08:23.963 DEBUG --- [  MainThread] stevedore.extension        : found extension EntryPoint(name='route53:pro', value='localstack_ext.providers:route53', group='localstack.aws.provider')
2023-01-25T22:08:23.963 DEBUG --- [  MainThread] stevedore.extension        : found extension EntryPoint(name='s3:asf_pro', value='localstack_ext.providers:s3_asf', group='localstack.aws.provider')
2023-01-25T22:08:23.963 DEBUG --- [  MainThread] stevedore.extension        : found extension EntryPoint(name='s3:pro', value='localstack_ext.providers:s3', group='localstack.aws.provider')
2023-01-25T22:08:23.963 DEBUG --- [  MainThread] stevedore.extension        : found extension EntryPoint(name='sagemaker-runtime:pro', value='localstack_ext.providers:sagemaker_runtime', group='localstack.aws.provider')
2023-01-25T22:08:23.963 DEBUG --- [  MainThread] stevedore.extension        : found extension EntryPoint(name='sagemaker:pro', value='localstack_ext.providers:sagemaker', group='localstack.aws.provider')
2023-01-25T22:08:23.963 DEBUG --- [  MainThread] stevedore.extension        : found extension EntryPoint(name='secretsmanager:pro', value='localstack_ext.providers:secretsmanager', group='localstack.aws.provider')
2023-01-25T22:08:23.963 DEBUG --- [  MainThread] stevedore.extension        : found extension EntryPoint(name='serverlessrepo:pro', value='localstack_ext.providers:serverlessrepo', group='localstack.aws.provider')
2023-01-25T22:08:23.963 DEBUG --- [  MainThread] stevedore.extension        : found extension EntryPoint(name='servicediscovery:pro', value='localstack_ext.providers:servicediscovery', group='localstack.aws.provider')
2023-01-25T22:08:23.963 DEBUG --- [  MainThread] stevedore.extension        : found extension EntryPoint(name='ses:pro', value='localstack_ext.providers:ses', group='localstack.aws.provider')
2023-01-25T22:08:23.963 DEBUG --- [  MainThread] stevedore.extension        : found extension EntryPoint(name='sesv2:pro', value='localstack_ext.providers:sesv2', group='localstack.aws.provider')
2023-01-25T22:08:23.963 DEBUG --- [  MainThread] stevedore.extension        : found extension EntryPoint(name='sns:pro', value='localstack_ext.providers:sns', group='localstack.aws.provider')
2023-01-25T22:08:23.963 DEBUG --- [  MainThread] stevedore.extension        : found extension EntryPoint(name='sqs:pro', value='localstack_ext.providers:sqs', group='localstack.aws.provider')
2023-01-25T22:08:23.963 DEBUG --- [  MainThread] stevedore.extension        : found extension EntryPoint(name='ssm:pro', value='localstack_ext.providers:ssm', group='localstack.aws.provider')
2023-01-25T22:08:23.963 DEBUG --- [  MainThread] stevedore.extension        : found extension EntryPoint(name='stepfunctions:pro', value='localstack_ext.providers:stepfunctions', group='localstack.aws.provider')
2023-01-25T22:08:23.963 DEBUG --- [  MainThread] stevedore.extension        : found extension EntryPoint(name='sts:pro', value='localstack_ext.providers:sts', group='localstack.aws.provider')
2023-01-25T22:08:23.963 DEBUG --- [  MainThread] stevedore.extension        : found extension EntryPoint(name='timestream-query:pro', value='localstack_ext.providers:timestream_query', group='localstack.aws.provider')
2023-01-25T22:08:23.963 DEBUG --- [  MainThread] stevedore.extension        : found extension EntryPoint(name='timestream-write:pro', value='localstack_ext.providers:timestream_write', group='localstack.aws.provider')
2023-01-25T22:08:23.963 DEBUG --- [  MainThread] stevedore.extension        : found extension EntryPoint(name='transfer:pro', value='localstack_ext.providers:transfer', group='localstack.aws.provider')
2023-01-25T22:08:23.963 DEBUG --- [  MainThread] stevedore.extension        : found extension EntryPoint(name='xray:pro', value='localstack_ext.providers:xray', group='localstack.aws.provider')
2023-01-25T22:08:23.964 DEBUG --- [  MainThread] stevedore.extension        : found extension EntryPoint(name='_run_init_scripts_on_ready', value='localstack.runtime.init:_run_init_scripts_on_ready', group='localstack.hooks.on_infra_ready')
2023-01-25T22:08:23.964 DEBUG --- [  MainThread] stevedore.extension        : found extension EntryPoint(name='register_virtual_host_routes', value='localstack.services.s3.virtual_host:register_virtual_host_routes', group='localstack.hooks.on_infra_ready')
2023-01-25T22:08:23.983 DEBUG --- [  MainThread] stevedore.extension        : found extension EntryPoint(name='extensions_on_infra_ready', value='localstack_ext.extensions.plugins:extensions_on_infra_ready', group='localstack.hooks.on_infra_ready')
2023-01-25T22:08:23.983 DEBUG --- [  MainThread] stevedore.extension        : found extension EntryPoint(name='initialize_health_info', value='localstack_ext.plugins:initialize_health_info', group='localstack.hooks.on_infra_ready')
2023-01-25T22:08:23.983 DEBUG --- [  MainThread] plugin.manager             : instantiating plugin PluginSpec(localstack.hooks.on_infra_ready._run_init_scripts_on_ready = <function _run_init_scripts_on_ready at 0x7f55985ef1c0>)
2023-01-25T22:08:23.983 DEBUG --- [  MainThread] plugin.manager             : loading plugin localstack.hooks.on_infra_ready:_run_init_scripts_on_ready
2023-01-25T22:08:23.983 DEBUG --- [  MainThread] plugin.manager             : instantiating plugin PluginSpec(localstack.hooks.on_infra_ready.register_virtual_host_routes = <function register_virtual_host_routes at 0x7f5595a036d0>)
2023-01-25T22:08:23.983 DEBUG --- [  MainThread] plugin.manager             : plugin localstack.hooks.on_infra_ready:register_virtual_host_routes is disabled
2023-01-25T22:08:23.983 DEBUG --- [  MainThread] plugin.manager             : instantiating plugin PluginSpec(localstack.hooks.on_infra_ready.extensions_on_infra_ready = <function extensions_on_infra_ready at 0x7f5598454940>)
2023-01-25T22:08:23.983 DEBUG --- [  MainThread] plugin.manager             : plugin localstack.hooks.on_infra_ready:extensions_on_infra_ready is disabled
2023-01-25T22:08:23.983 DEBUG --- [  MainThread] plugin.manager             : instantiating plugin PluginSpec(localstack.hooks.on_infra_ready.initialize_health_info = <function initialize_health_info at 0x7f5598433c70>)
2023-01-25T22:08:23.983 DEBUG --- [  MainThread] plugin.manager             : plugin localstack.hooks.on_infra_ready:initialize_health_info is disabled
2023-01-25T22:09:17.092  INFO --- [   asgi_gw_0] localstack.request.http    : OPTIONS /_localstack/stackinfo => 204
2023-01-25T22:09:17.105  WARN --- [   asgi_gw_0] l.aws.handlers.internal    : Unable to find resource handler for path: /_localstack/stackinfo
2023-01-25T22:09:17.107  INFO --- [   asgi_gw_0] localstack.request.http    : GET /_localstack/stackinfo => 404
2023-01-25T22:09:31.010  INFO --- [   asgi_gw_0] localstack.request.http    : OPTIONS /_localstack/stackinfo => 204
2023-01-25T22:09:31.016  WARN --- [   asgi_gw_1] l.aws.handlers.internal    : Unable to find resource handler for path: /_localstack/stackinfo
2023-01-25T22:09:31.016  INFO --- [   asgi_gw_1] localstack.request.http    : GET /_localstack/stackinfo => 404
2023-01-25T22:10:04.022  INFO --- [   asgi_gw_1] localstack.request.http    : OPTIONS / => 204
2023-01-25T22:10:04.079 DEBUG --- [   asgi_gw_0] plugin.manager             : instantiating plugin PluginSpec(localstack.aws.provider.s3:default = <function s3 at 0x7f5596a872e0>)
2023-01-25T22:10:04.079 DEBUG --- [   asgi_gw_0] plugin.manager             : loading plugin localstack.aws.provider:s3:default
2023-01-25T22:10:04.094  INFO --- [functhread22] l.services.motoserver      : starting moto server on http://0.0.0.0:60885
2023-01-25T22:10:04.095  INFO --- [   asgi_gw_0] localstack.services.infra  : Starting mock S3 service on http port 4566 ...
2023-01-25T22:10:04.411  INFO --- [   asgi_gw_0] localstack.request.aws     : AWS s3.ListBuckets => 200
2023-01-25T22:10:08.045  INFO --- [   asgi_gw_0] localstack.request.aws     : AWS s3.ListBuckets => 200
2023-01-25T22:10:10.099  INFO --- [   asgi_gw_1] localstack.request.http    : OPTIONS / => 204
2023-01-25T22:10:10.110  INFO --- [   asgi_gw_0] localstack.request.aws     : AWS s3.ListBuckets => 200
2023-01-25T22:10:12.140  INFO --- [   asgi_gw_1] localstack.request.aws     : AWS s3.ListBuckets => 200
2023-01-25T22:10:14.169  INFO --- [   asgi_gw_0] localstack.request.aws     : AWS s3.ListBuckets => 200
2023-01-25T22:10:29.878  INFO --- [   asgi_gw_0] localstack.request.http    : OPTIONS /_localstack/stackinfo => 204
2023-01-25T22:10:29.887  WARN --- [   asgi_gw_0] l.aws.handlers.internal    : Unable to find resource handler for path: /_localstack/stackinfo
2023-01-25T22:10:29.889  INFO --- [   asgi_gw_0] localstack.request.http    : GET /_localstack/stackinfo => 404
2023-01-25T22:11:11.874 DEBUG --- [   asgi_gw_1] plugin.manager             : instantiating plugin PluginSpec(localstack.aws.provider.dynamodb:default = <function dynamodb at 0x7f5596a860e0>)
2023-01-25T22:11:11.875 DEBUG --- [   asgi_gw_1] plugin.manager             : loading plugin localstack.aws.provider:dynamodb:default
2023-01-25T22:11:12.157 DEBUG --- [   asgi_gw_0] plugin.manager             : loading plugin localstack.aws.provider:dynamodb:default
2023-01-25T22:11:12.166 DEBUG --- [   asgi_gw_1] localstack.packages.api    : Installation of dynamodb-local skipped (already installed).
2023-01-25T22:11:12.170 DEBUG --- [   asgi_gw_1] l.services.dynamodb.server : starting dynamodb process ['java', '-Xmx256m', '-javaagent:/usr/lib/localstack/dynamodb-local/latest/ddb-local-loader-0.1.jar', '-Djava.library.path=/usr/lib/localstack/dynamodb-local/latest/DynamoDBLocal_lib', '-jar', '/usr/lib/localstack/dynamodb-local/latest/DynamoDBLocal.jar', '-port', '50583', '-dbPath', '/var/lib/localstack/tmp/state/dynamodb']
2023-01-25T22:11:12.171 DEBUG --- [functhread38] localstack.utils.run       : Executing command: ['java', '-Xmx256m', '-javaagent:/usr/lib/localstack/dynamodb-local/latest/ddb-local-loader-0.1.jar', '-Djava.library.path=/usr/lib/localstack/dynamodb-local/latest/DynamoDBLocal_lib', '-jar', '/usr/lib/localstack/dynamodb-local/latest/DynamoDBLocal.jar', '-port', '50583', '-dbPath', '/var/lib/localstack/tmp/state/dynamodb']
2023-01-25T22:11:12.637  INFO --- [functhread38] l.services.dynamodb.server : Initializing DynamoDB Local with the following configuration:
2023-01-25T22:11:12.638  INFO --- [functhread38] l.services.dynamodb.server : Port:	50583
2023-01-25T22:11:12.638  INFO --- [functhread38] l.services.dynamodb.server : InMemory:	false
2023-01-25T22:11:12.638  INFO --- [functhread38] l.services.dynamodb.server : DbPath:	/var/lib/localstack/tmp/state/dynamodb
2023-01-25T22:11:12.638  INFO --- [functhread38] l.services.dynamodb.server : SharedDb:	false
2023-01-25T22:11:12.638  INFO --- [functhread38] l.services.dynamodb.server : shouldDelayTransientStatuses:	false
2023-01-25T22:11:12.638  INFO --- [functhread38] l.services.dynamodb.server : CorsParams:	null
2023-01-25T22:11:12.654  INFO --- [functhread38] l.services.dynamodb.server : 
2023-01-25T22:11:14.350 DEBUG --- [   asgi_gw_1] l.services.plugins         : checking service health dynamodb:4566
2023-01-25T22:11:14.351  INFO --- [   asgi_gw_1] localstack.utils.bootstrap : Execution of "require" took 2476.46ms
2023-01-25T22:11:14.688  INFO --- [   asgi_gw_0] localstack.utils.bootstrap : Execution of "require" took 2813.37ms
2023-01-25T22:11:14.904  INFO --- [   asgi_gw_0] localstack.request.aws     : AWS dynamodb.CreateTable => 200
2023-01-25T22:11:14.906  INFO --- [   asgi_gw_1] localstack.request.aws     : AWS dynamodb.CreateTable => 200
2023-01-25T22:11:14.958  INFO --- [   asgi_gw_3] localstack.request.aws     : AWS dynamodb.DescribeTable => 200
2023-01-25T22:11:14.959  INFO --- [   asgi_gw_2] localstack.request.aws     : AWS dynamodb.DescribeTable => 200
2023-01-25T22:11:15.001  INFO --- [   asgi_gw_3] localstack.request.aws     : AWS dynamodb.DescribeTable => 200
2023-01-25T22:11:15.005  INFO --- [   asgi_gw_0] localstack.request.aws     : AWS dynamodb.DescribeTable => 200
2023-01-25T22:11:15.025  INFO --- [   asgi_gw_1] localstack.request.aws     : AWS dynamodb.DescribeContinuousBackups => 400 (UnknownOperationException)
2023-01-25T22:11:15.027  INFO --- [   asgi_gw_3] localstack.request.aws     : AWS dynamodb.DescribeContinuousBackups => 400 (UnknownOperationException)
2023-01-25T22:11:15.038  INFO --- [   asgi_gw_2] localstack.request.aws     : AWS dynamodb.DescribeTimeToLive => 200
2023-01-25T22:11:15.039  INFO --- [   asgi_gw_0] localstack.request.aws     : AWS dynamodb.DescribeTimeToLive => 200
2023-01-25T22:11:15.048  INFO --- [   asgi_gw_3] localstack.request.aws     : AWS dynamodb.ListTagsOfResource => 200
2023-01-25T22:11:15.051  INFO --- [   asgi_gw_1] localstack.request.aws     : AWS dynamodb.ListTagsOfResource => 200
2023-01-25T22:15:30.702  INFO --- [   asgi_gw_1] localstack.request.aws     : AWS dynamodb.DescribeTable => 200
2023-01-25T22:15:30.705  INFO --- [   asgi_gw_0] localstack.request.aws     : AWS dynamodb.DescribeTable => 200
2023-01-25T22:15:30.753  INFO --- [   asgi_gw_2] localstack.request.aws     : AWS dynamodb.DescribeContinuousBackups => 400 (UnknownOperationException)
2023-01-25T22:15:30.755  INFO --- [   asgi_gw_1] localstack.request.aws     : AWS dynamodb.DescribeContinuousBackups => 400 (UnknownOperationException)
2023-01-25T22:15:30.765  INFO --- [   asgi_gw_0] localstack.request.aws     : AWS dynamodb.DescribeTimeToLive => 200
2023-01-25T22:15:30.766  INFO --- [   asgi_gw_3] localstack.request.aws     : AWS dynamodb.DescribeTimeToLive => 200
2023-01-25T22:15:30.776  INFO --- [   asgi_gw_1] localstack.request.aws     : AWS dynamodb.ListTagsOfResource => 200
2023-01-25T22:15:30.777  INFO --- [   asgi_gw_2] localstack.request.aws     : AWS dynamodb.ListTagsOfResource => 200
2023-01-25T22:15:39.230 DEBUG --- [   asgi_gw_1] plugin.manager             : instantiating plugin PluginSpec(localstack.aws.provider.sns:default = <function sns at 0x7f5596a87880>)
2023-01-25T22:15:39.216 DEBUG --- [   asgi_gw_2] plugin.manager             : instantiating plugin PluginSpec(localstack.aws.provider.sqs:default = <function sqs at 0x7f5596a879a0>)
2023-01-25T22:15:39.236 DEBUG --- [   asgi_gw_1] plugin.manager             : loading plugin localstack.aws.provider:sns:default
2023-01-25T22:15:39.236 DEBUG --- [   asgi_gw_2] plugin.manager             : loading plugin localstack.aws.provider:sqs:default
2023-01-25T22:15:39.359 DEBUG --- [   asgi_gw_2] l.services.plugins         : checking service health sqs:4566
2023-01-25T22:15:39.406 DEBUG --- [   asgi_gw_1] l.services.plugins         : checking service health sns:4566
2023-01-25T22:15:40.506  INFO --- [   asgi_gw_1] localstack.utils.bootstrap : Execution of "require" took 1276.38ms
2023-01-25T22:15:40.779 DEBUG --- [   asgi_gw_2] l.services.sqs.provider    : creating queue key=school-reyfow-notification-dlq attributes={'DelaySeconds': '0', 'MaximumMessageSize': '262144', 'MessageRetentionPeriod': '345600', 'ReceiveMessageWaitTimeSeconds': '0', 'VisibilityTimeout': '30'} tags=None
2023-01-25T22:15:40.780  INFO --- [   asgi_gw_2] localstack.request.aws     : AWS sqs.CreateQueue => 200
2023-01-25T22:15:40.934  INFO --- [   asgi_gw_3] localstack.request.aws     : AWS sqs.GetQueueAttributes => 200
2023-01-25T22:15:40.944  INFO --- [   asgi_gw_1] localstack.request.aws     : AWS sns.CreateTopic => 200
2023-01-25T22:15:40.955  INFO --- [   asgi_gw_2] localstack.request.aws     : AWS sns.SetTopicAttributes => 200
2023-01-25T22:15:40.963  INFO --- [   asgi_gw_3] localstack.request.aws     : AWS sns.SetTopicAttributes => 200
2023-01-25T22:15:40.970  INFO --- [   asgi_gw_0] localstack.request.aws     : AWS sns.SetTopicAttributes => 200
2023-01-25T22:15:40.979  INFO --- [   asgi_gw_1] localstack.request.aws     : AWS sns.SetTopicAttributes => 200
2023-01-25T22:15:40.986  INFO --- [   asgi_gw_2] localstack.request.aws     : AWS sns.SetTopicAttributes => 200
2023-01-25T22:15:40.994  INFO --- [   asgi_gw_3] localstack.request.aws     : AWS sns.SetTopicAttributes => 200
2023-01-25T22:15:41.011  INFO --- [   asgi_gw_0] localstack.request.aws     : AWS sns.GetTopicAttributes => 200
2023-01-25T22:15:41.018  INFO --- [   asgi_gw_1] localstack.request.aws     : AWS sns.ListTagsForResource => 200
2023-01-25T22:15:45.964  INFO --- [   asgi_gw_3] localstack.request.aws     : AWS sqs.GetQueueAttributes => 200
2023-01-25T22:15:50.983  INFO --- [   asgi_gw_0] localstack.request.aws     : AWS sqs.GetQueueAttributes => 200
2023-01-25T22:15:56.002  INFO --- [   asgi_gw_2] localstack.request.aws     : AWS sqs.GetQueueAttributes => 200
2023-01-25T22:16:01.027  INFO --- [   asgi_gw_3] localstack.request.aws     : AWS sqs.GetQueueAttributes => 200
2023-01-25T22:16:06.051  INFO --- [   asgi_gw_1] localstack.request.aws     : AWS sqs.GetQueueAttributes => 200
2023-01-25T22:16:06.059  INFO --- [   asgi_gw_2] localstack.request.aws     : AWS sqs.GetQueueAttributes => 200
2023-01-25T22:16:06.068  INFO --- [   asgi_gw_3] localstack.request.aws     : AWS sqs.ListQueueTags => 200
2023-01-25T22:16:06.088 DEBUG --- [   asgi_gw_0] l.services.sqs.provider    : creating queue key=school-reyfow-notification-queue attributes={'DelaySeconds': '90', 'MaximumMessageSize': '2048', 'MessageRetentionPeriod': '86400', 'ReceiveMessageWaitTimeSeconds': '10', 'RedrivePolicy': '{"deadLetterTargetArn":"arn:aws:sqs:us-east-1:000000000000:school-reyfow-notification-dlq","maxReceiveCount":5}', 'VisibilityTimeout': '30'} tags={'Environment': 'TCC'}
2023-01-25T22:16:06.089  INFO --- [   asgi_gw_0] localstack.request.aws     : AWS sqs.CreateQueue => 200
2023-01-25T22:16:06.103  INFO --- [   asgi_gw_1] localstack.request.aws     : AWS sqs.GetQueueAttributes => 200
2023-01-25T22:16:11.125  INFO --- [   asgi_gw_2] localstack.request.aws     : AWS sqs.GetQueueAttributes => 200
2023-01-25T22:16:16.142  INFO --- [   asgi_gw_3] localstack.request.aws     : AWS sqs.GetQueueAttributes => 200
2023-01-25T22:16:21.161  INFO --- [   asgi_gw_1] localstack.request.aws     : AWS sqs.GetQueueAttributes => 200
2023-01-25T22:16:26.171  INFO --- [   asgi_gw_2] localstack.request.aws     : AWS sqs.GetQueueAttributes => 200
2023-01-25T22:16:31.194  INFO --- [   asgi_gw_0] localstack.request.aws     : AWS sqs.GetQueueAttributes => 200
2023-01-25T22:16:31.201  INFO --- [   asgi_gw_1] localstack.request.aws     : AWS sqs.GetQueueAttributes => 200
2023-01-25T22:16:31.210  INFO --- [   asgi_gw_2] localstack.request.aws     : AWS sqs.ListQueueTags => 200
2023-01-25T22:16:31.235  INFO --- [   asgi_gw_3] localstack.request.aws     : AWS sns.Subscribe => 200
2023-01-25T22:16:31.250  INFO --- [   asgi_gw_0] localstack.request.aws     : AWS sns.GetSubscriptionAttributes => 200
2023-01-25T22:16:31.260  INFO --- [   asgi_gw_1] localstack.request.aws     : AWS sns.GetSubscriptionAttributes => 200
2023-01-25T22:16:39.368 DEBUG --- [   asgi_gw_3] plugin.manager             : instantiating plugin PluginSpec(localstack.aws.provider.cloudwatch:default = <function cloudwatch at 0x7f5596a85fc0>)
2023-01-25T22:16:39.368 DEBUG --- [   asgi_gw_3] plugin.manager             : loading plugin localstack.aws.provider:cloudwatch:default
2023-01-25T22:16:39.391 DEBUG --- [   asgi_gw_3] l.services.plugins         : checking service health cloudwatch:4566
2023-01-25T22:17:12.313  INFO --- [   asgi_gw_0] localstack.request.http    : OPTIONS / => 204
2023-01-25T22:17:12.323  INFO --- [   asgi_gw_1] localstack.request.aws     : AWS sns.ListTopics => 200
2023-01-25T22:19:41.430  INFO --- [   asgi_gw_2] localstack.request.http    : OPTIONS / => 204
2023-01-25T22:19:41.449  INFO --- [   asgi_gw_1] localstack.request.aws     : AWS sqs.ListQueues => 200
2023-01-25T22:19:41.530  INFO --- [   asgi_gw_0] localstack.request.aws     : AWS sqs.GetQueueAttributes => 200
2023-01-25T22:19:41.537  INFO --- [   asgi_gw_3] localstack.request.aws     : AWS sqs.GetQueueAttributes => 200
2023-01-25T22:19:44.066  INFO --- [   asgi_gw_2] localstack.request.aws     : AWS sqs.GetQueueUrl => 200
2023-01-25T22:19:44.109  INFO --- [   asgi_gw_1] localstack.request.aws     : AWS sqs.GetQueueAttributes => 200
2023-01-25T22:19:46.756  INFO --- [   asgi_gw_0] localstack.request.http    : OPTIONS / => 204
2023-01-25T22:19:46.775  INFO --- [   asgi_gw_3] localstack.request.aws     : AWS sqs.ReceiveMessage => 200
2023-01-25T22:33:30.904  WARN --- [   asgi_gw_2] localstack.aws.accounts    : Ignoring production AWS credentials provided to LocalStack. Falling back to default account ID.
2023-01-25T22:33:31.397 DEBUG --- [   asgi_gw_3] plugin.manager             : instantiating plugin PluginSpec(localstack.aws.provider.lambda:default = <function awslambda at 0x7f5596a86b00>)
2023-01-25T22:33:31.400 DEBUG --- [   asgi_gw_3] plugin.manager             : loading plugin localstack.aws.provider:lambda:default
2023-01-25T22:33:33.878  INFO --- [   asgi_gw_3] localstack.utils.bootstrap : Execution of "_load_service_plugin" took 2482.97ms
2023-01-25T22:33:33.884  INFO --- [   asgi_gw_3] localstack.services.infra  : Starting mock Lambda service on http port 4566 ...
2023-01-25T22:33:34.511  INFO --- [   asgi_gw_3] localstack.utils.bootstrap : Execution of "require" took 3116.41ms
2023-01-25T22:33:35.514  INFO --- [   asgi_gw_2] localstack.request.aws     : AWS dynamodb.PutItem => 200
2023-01-25T22:33:35.551  WARN --- [   asgi_gw_3] localstack.aws.accounts    : Ignoring production AWS credentials provided to LocalStack. Falling back to default account ID.
2023-01-25T22:33:35.559  INFO --- [   asgi_gw_3] localstack.request.aws     : AWS sns.ListTopics => 200
2023-01-25T22:33:35.626  WARN --- [   asgi_gw_1] localstack.aws.accounts    : Ignoring production AWS credentials provided to LocalStack. Falling back to default account ID.
2023-01-25T22:33:35.628 DEBUG --- [   asgi_gw_1] l.services.sns.publisher   : Topic 'arn:aws:sns:us-east-1:000000000000:school-reyfow-notification' publishing 'ff791a1d-43d3-44c1-b0c4-c5bc31982c08' to subscribed 'arn:aws:sqs:us-east-1:000000000000:school-reyfow-notification-queue' with protocol 'sqs' (subscription 'arn:aws:sns:us-east-1:000000000000:school-reyfow-notification:ca3d3153-6bae-4a19-8198-84ae91dd8207')
2023-01-25T22:33:35.632  INFO --- [   asgi_gw_1] localstack.request.aws     : AWS sns.Publish => 200
2023-01-25T22:33:35.876 DEBUG --- [   asgi_gw_2] plugin.manager             : instantiating plugin PluginSpec(localstack.aws.provider.logs:default = <function logs at 0x7f5596a86d40>)
2023-01-25T22:33:35.876 DEBUG --- [   asgi_gw_2] plugin.manager             : loading plugin localstack.aws.provider:logs:default
2023-01-25T22:33:35.911 DEBUG --- [   asgi_gw_2] l.services.plugins         : checking service health logs:4566
2023-01-25T22:35:06.341 DEBUG --- [functhread94] l.services.sqs.models      : enqueueing delayed messages d65bd58a-16c2-4083-8b94-b4627d1abdbc into queue arn:aws:sqs:us-east-1:000000000000:school-reyfow-notification-queue
2023-01-25T22:39:59.801  WARN --- [   asgi_gw_1] localstack.aws.accounts    : Ignoring production AWS credentials provided to LocalStack. Falling back to default account ID.
2023-01-25T22:40:00.251  INFO --- [   asgi_gw_1] localstack.request.aws     : AWS dynamodb.PutItem => 200
2023-01-25T22:40:00.289  WARN --- [   asgi_gw_0] localstack.aws.accounts    : Ignoring production AWS credentials provided to LocalStack. Falling back to default account ID.
2023-01-25T22:40:00.302  INFO --- [   asgi_gw_0] localstack.request.aws     : AWS sns.ListTopics => 200
2023-01-25T22:40:00.356  WARN --- [   asgi_gw_2] localstack.aws.accounts    : Ignoring production AWS credentials provided to LocalStack. Falling back to default account ID.
2023-01-25T22:40:00.364 DEBUG --- [   asgi_gw_2] l.services.sns.publisher   : Topic 'arn:aws:sns:us-east-1:000000000000:school-reyfow-notification' publishing '00c3a07a-e062-406b-8aee-fcc1da718933' to subscribed 'arn:aws:sqs:us-east-1:000000000000:school-reyfow-notification-queue' with protocol 'sqs' (subscription 'arn:aws:sns:us-east-1:000000000000:school-reyfow-notification:ca3d3153-6bae-4a19-8198-84ae91dd8207')
2023-01-25T22:40:00.367  INFO --- [   asgi_gw_2] localstack.request.aws     : AWS sns.Publish => 200
2023-01-25T22:40:14.098  WARN --- [   asgi_gw_0] localstack.aws.accounts    : Ignoring production AWS credentials provided to LocalStack. Falling back to default account ID.
2023-01-25T22:40:14.270  INFO --- [   asgi_gw_0] localstack.request.aws     : AWS dynamodb.GetItem => 200
2023-01-25T22:41:31.337 DEBUG --- [functhread94] l.services.sqs.models      : enqueueing delayed messages db4ae7bf-d544-4869-8234-c63fca22291b into queue arn:aws:sqs:us-east-1:000000000000:school-reyfow-notification-queue
2023-01-26T02:41:59.474  WARN --- [   asgi_gw_0] localstack.aws.accounts    : Ignoring production AWS credentials provided to LocalStack. Falling back to default account ID.
2023-01-26T02:42:01.661  INFO --- [   asgi_gw_0] localstack.request.aws     : AWS dynamodb.PutItem => 200
2023-01-26T02:42:01.780  WARN --- [   asgi_gw_3] localstack.aws.accounts    : Ignoring production AWS credentials provided to LocalStack. Falling back to default account ID.
2023-01-26T02:42:01.786 DEBUG --- [   asgi_gw_3] l.services.sns.publisher   : Topic 'arn:aws:sns:us-east-1:000000000000:school-reyfow-notification' publishing 'bac52501-1d98-437e-9a98-63ce0dd451e1' to subscribed 'arn:aws:sqs:us-east-1:000000000000:school-reyfow-notification-queue' with protocol 'sqs' (subscription 'arn:aws:sns:us-east-1:000000000000:school-reyfow-notification:ca3d3153-6bae-4a19-8198-84ae91dd8207')
2023-01-26T02:42:01.788  INFO --- [   asgi_gw_3] localstack.request.aws     : AWS sns.Publish => 200
2023-01-26T02:43:32.346 DEBUG --- [functhread94] l.services.sqs.models      : enqueueing delayed messages c9764fca-0046-4373-87eb-c937c478617c into queue arn:aws:sqs:us-east-1:000000000000:school-reyfow-notification-queue
